RUN	simulations.RegisterNotificationWithUserSimulation	registernotificationwithusersimulation	1658815442809	 	3.8.2
USER	notification-pf-perfornance-test-with-user	START	1658815444103
USER	notification-pf-perfornance-test-with-user	START	1658815444102
USER	notification-pf-perfornance-test-with-user	START	1658815444112
USER	notification-pf-perfornance-test-with-user	START	1658815444124
USER	notification-pf-perfornance-test-with-user	START	1658815444136
USER	notification-pf-perfornance-test-with-user	START	1658815444151
USER	notification-pf-perfornance-test-with-user	START	1658815444158
USER	notification-pf-perfornance-test-with-user	START	1658815444171
USER	notification-pf-perfornance-test-with-user	START	1658815444181
USER	notification-pf-perfornance-test-with-user	START	1658815444191
USER	notification-pf-perfornance-test-with-user	START	1658815444201
USER	notification-pf-perfornance-test-with-user	START	1658815444211
USER	notification-pf-perfornance-test-with-user	START	1658815444221
USER	notification-pf-perfornance-test-with-user	START	1658815444231
USER	notification-pf-perfornance-test-with-user	START	1658815444241
USER	notification-pf-perfornance-test-with-user	START	1658815444251
REQUEST		notification-pf-register	1658815444138	1658815444248	OK	 
REQUEST		notification-pf-register	1658815444137	1658815444242	OK	 
REQUEST		notification-pf-register	1658815444159	1658815444247	OK	 
REQUEST		notification-pf-register	1658815444138	1658815444239	OK	 
REQUEST		notification-pf-register	1658815444151	1658815444240	OK	 
USER	notification-pf-perfornance-test-with-user	END	1658815444259
USER	notification-pf-perfornance-test-with-user	END	1658815444259
USER	notification-pf-perfornance-test-with-user	END	1658815444260
USER	notification-pf-perfornance-test-with-user	END	1658815444261
REQUEST		notification-pf-register	1658815444137	1658815444261	OK	 
USER	notification-pf-perfornance-test-with-user	START	1658815444262
REQUEST		notification-pf-register	1658815444144	1658815444264	OK	 
USER	notification-pf-perfornance-test-with-user	END	1658815444263
USER	notification-pf-perfornance-test-with-user	END	1658815444266
USER	notification-pf-perfornance-test-with-user	END	1658815444266
REQUEST		notification-pf-register	1658815444181	1658815444268	OK	 
REQUEST		notification-pf-register	1658815444171	1658815444268	OK	 
USER	notification-pf-perfornance-test-with-user	END	1658815444269
USER	notification-pf-perfornance-test-with-user	END	1658815444269
REQUEST		notification-pf-register	1658815444192	1658815444271	OK	 
USER	notification-pf-perfornance-test-with-user	END	1658815444271
USER	notification-pf-perfornance-test-with-user	START	1658815444272
USER	notification-pf-perfornance-test-with-user	START	1658815444282
REQUEST		notification-pf-register	1658815444202	1658815444287	OK	 
USER	notification-pf-perfornance-test-with-user	END	1658815444288
REQUEST		notification-pf-register	1658815444222	1658815444291	OK	 
USER	notification-pf-perfornance-test-with-user	START	1658815444292
USER	notification-pf-perfornance-test-with-user	END	1658815444292
REQUEST		notification-pf-register	1658815444212	1658815444292	OK	 
USER	notification-pf-perfornance-test-with-user	END	1658815444293
USER	notification-pf-perfornance-test-with-user	START	1658815444302
USER	notification-pf-perfornance-test-with-user	START	1658815444312
REQUEST		notification-pf-register	1658815444232	1658815444313	OK	 
USER	notification-pf-perfornance-test-with-user	END	1658815444314
USER	notification-pf-perfornance-test-with-user	START	1658815444322
REQUEST		notification-pf-register	1658815444242	1658815444324	OK	 
USER	notification-pf-perfornance-test-with-user	END	1658815444325
REQUEST		notification-pf-register	1658815444254	1658815444326	OK	 
USER	notification-pf-perfornance-test-with-user	END	1658815444327
REQUEST		notification-pf-register	1658815444263	1658815444328	OK	 
USER	notification-pf-perfornance-test-with-user	END	1658815444328
USER	notification-pf-perfornance-test-with-user	START	1658815444332
USER	notification-pf-perfornance-test-with-user	START	1658815444342
USER	notification-pf-perfornance-test-with-user	START	1658815444352
USER	notification-pf-perfornance-test-with-user	START	1658815444362
REQUEST		notification-pf-register	1658815444272	1658815444364	OK	 
USER	notification-pf-perfornance-test-with-user	END	1658815444365
USER	notification-pf-perfornance-test-with-user	START	1658815444372
REQUEST		notification-pf-register	1658815444293	1658815444373	OK	 
REQUEST		notification-pf-register	1658815444282	1658815444374	OK	 
USER	notification-pf-perfornance-test-with-user	END	1658815444374
USER	notification-pf-perfornance-test-with-user	END	1658815444375
REQUEST		notification-pf-register	1658815444302	1658815444382	OK	 
USER	notification-pf-perfornance-test-with-user	END	1658815444383
USER	notification-pf-perfornance-test-with-user	START	1658815444383
REQUEST		notification-pf-register	1658815444343	1658815444392	OK	 
USER	notification-pf-perfornance-test-with-user	START	1658815444392
USER	notification-pf-perfornance-test-with-user	END	1658815444393
REQUEST		notification-pf-register	1658815444312	1658815444396	OK	 
USER	notification-pf-perfornance-test-with-user	END	1658815444397
REQUEST		notification-pf-register	1658815444333	1658815444402	OK	 
USER	notification-pf-perfornance-test-with-user	START	1658815444403
USER	notification-pf-perfornance-test-with-user	END	1658815444403
REQUEST		notification-pf-register	1658815444353	1658815444406	OK	 
USER	notification-pf-perfornance-test-with-user	END	1658815444407
USER	notification-pf-perfornance-test-with-user	START	1658815444413
USER	notification-pf-perfornance-test-with-user	START	1658815444423
REQUEST		notification-pf-register	1658815444363	1658815444428	OK	 
USER	notification-pf-perfornance-test-with-user	END	1658815444429
USER	notification-pf-perfornance-test-with-user	START	1658815444433
REQUEST		notification-pf-register	1658815444374	1658815444441	OK	 
USER	notification-pf-perfornance-test-with-user	END	1658815444441
USER	notification-pf-perfornance-test-with-user	START	1658815444443
REQUEST		notification-pf-register	1658815444393	1658815444447	OK	 
USER	notification-pf-perfornance-test-with-user	END	1658815444447
REQUEST		notification-pf-register	1658815444384	1658815444451	OK	 
USER	notification-pf-perfornance-test-with-user	END	1658815444451
USER	notification-pf-perfornance-test-with-user	START	1658815444453
USER	notification-pf-perfornance-test-with-user	START	1658815444463
REQUEST		notification-pf-register	1658815444403	1658815444468	OK	 
USER	notification-pf-perfornance-test-with-user	END	1658815444468
USER	notification-pf-perfornance-test-with-user	START	1658815444473
USER	notification-pf-perfornance-test-with-user	START	1658815444483
REQUEST		notification-pf-register	1658815444423	1658815444490	OK	 
REQUEST		notification-pf-register	1658815444413	1658815444490	OK	 
USER	notification-pf-perfornance-test-with-user	END	1658815444491
USER	notification-pf-perfornance-test-with-user	END	1658815444492
USER	notification-pf-perfornance-test-with-user	START	1658815444493
REQUEST		notification-pf-register	1658815444443	1658815444500	OK	 
USER	notification-pf-perfornance-test-with-user	END	1658815444500
USER	notification-pf-perfornance-test-with-user	START	1658815444503
REQUEST		notification-pf-register	1658815444433	1658815444504	OK	 
USER	notification-pf-perfornance-test-with-user	END	1658815444505
USER	notification-pf-perfornance-test-with-user	START	1658815444513
REQUEST		notification-pf-register	1658815444453	1658815444514	OK	 
USER	notification-pf-perfornance-test-with-user	END	1658815444515
REQUEST		notification-pf-register	1658815444463	1658815444519	OK	 
USER	notification-pf-perfornance-test-with-user	END	1658815444519
USER	notification-pf-perfornance-test-with-user	START	1658815444523
USER	notification-pf-perfornance-test-with-user	START	1658815444533
USER	notification-pf-perfornance-test-with-user	START	1658815444544
REQUEST		notification-pf-register	1658815444474	1658815444547	OK	 
USER	notification-pf-perfornance-test-with-user	END	1658815444548
REQUEST		notification-pf-register	1658815444494	1658815444549	OK	 
USER	notification-pf-perfornance-test-with-user	END	1658815444550
REQUEST		notification-pf-register	1658815444484	1658815444552	OK	 
USER	notification-pf-perfornance-test-with-user	END	1658815444553
USER	notification-pf-perfornance-test-with-user	START	1658815444554
USER	notification-pf-perfornance-test-with-user	START	1658815444564
REQUEST		notification-pf-register	1658815444504	1658815444564	OK	 
USER	notification-pf-perfornance-test-with-user	END	1658815444565
REQUEST		notification-pf-register	1658815444514	1658815444572	OK	 
USER	notification-pf-perfornance-test-with-user	END	1658815444573
USER	notification-pf-perfornance-test-with-user	START	1658815444574
USER	notification-pf-perfornance-test-with-user	START	1658815444584
REQUEST		notification-pf-register	1658815444524	1658815444591	OK	 
USER	notification-pf-perfornance-test-with-user	END	1658815444592
REQUEST		notification-pf-register	1658815444534	1658815444592	OK	 
USER	notification-pf-perfornance-test-with-user	END	1658815444593
USER	notification-pf-perfornance-test-with-user	START	1658815444594
USER	notification-pf-perfornance-test-with-user	START	1658815444604
REQUEST		notification-pf-register	1658815444544	1658815444612	OK	 
USER	notification-pf-perfornance-test-with-user	END	1658815444613
REQUEST		notification-pf-register	1658815444322	1658815444614	OK	 
USER	notification-pf-perfornance-test-with-user	START	1658815444614
USER	notification-pf-perfornance-test-with-user	END	1658815444614
REQUEST		notification-pf-register	1658815444554	1658815444616	OK	 
USER	notification-pf-perfornance-test-with-user	END	1658815444617
USER	notification-pf-perfornance-test-with-user	START	1658815444624
REQUEST		notification-pf-register	1658815444574	1658815444630	OK	 
USER	notification-pf-perfornance-test-with-user	END	1658815444631
USER	notification-pf-perfornance-test-with-user	START	1658815444634
REQUEST		notification-pf-register	1658815444564	1658815444639	OK	 
USER	notification-pf-perfornance-test-with-user	END	1658815444639
USER	notification-pf-perfornance-test-with-user	START	1658815444644
REQUEST		notification-pf-register	1658815444584	1658815444648	OK	 
USER	notification-pf-perfornance-test-with-user	END	1658815444649
REQUEST		notification-pf-register	1658815444595	1658815444654	OK	 
USER	notification-pf-perfornance-test-with-user	END	1658815444654
USER	notification-pf-perfornance-test-with-user	START	1658815444654
REQUEST		notification-pf-register	1658815444605	1658815444661	OK	 
USER	notification-pf-perfornance-test-with-user	END	1658815444662
USER	notification-pf-perfornance-test-with-user	START	1658815444665
USER	notification-pf-perfornance-test-with-user	START	1658815444675
REQUEST		notification-pf-register	1658815444615	1658815444678	OK	 
USER	notification-pf-perfornance-test-with-user	END	1658815444679
USER	notification-pf-perfornance-test-with-user	START	1658815444685
REQUEST		notification-pf-register	1658815444625	1658815444686	OK	 
USER	notification-pf-perfornance-test-with-user	END	1658815444687
REQUEST		notification-pf-register	1658815444635	1658815444694	OK	 
REQUEST		notification-pf-register	1658815444645	1658815444694	OK	 
USER	notification-pf-perfornance-test-with-user	END	1658815444695
USER	notification-pf-perfornance-test-with-user	END	1658815444695
USER	notification-pf-perfornance-test-with-user	START	1658815444695
USER	notification-pf-perfornance-test-with-user	START	1658815444705
REQUEST		notification-pf-register	1658815444655	1658815444714	OK	 
USER	notification-pf-perfornance-test-with-user	END	1658815444714
USER	notification-pf-perfornance-test-with-user	START	1658815444715
USER	notification-pf-perfornance-test-with-user	START	1658815444725
USER	notification-pf-perfornance-test-with-user	START	1658815444735
USER	notification-pf-perfornance-test-with-user	START	1658815444745
REQUEST		notification-pf-register	1658815444675	1658815444749	OK	 
USER	notification-pf-perfornance-test-with-user	END	1658815444750
REQUEST		notification-pf-register	1658815444685	1658815444755	OK	 
USER	notification-pf-perfornance-test-with-user	START	1658815444755
USER	notification-pf-perfornance-test-with-user	END	1658815444756
REQUEST		notification-pf-register	1658815444695	1658815444756	OK	 
USER	notification-pf-perfornance-test-with-user	END	1658815444757
REQUEST		notification-pf-register	1658815444665	1658815444755	OK	 
USER	notification-pf-perfornance-test-with-user	END	1658815444758
REQUEST		notification-pf-register	1658815444705	1658815444764	OK	 
USER	notification-pf-perfornance-test-with-user	END	1658815444765
USER	notification-pf-perfornance-test-with-user	START	1658815444765
REQUEST		notification-pf-register	1658815444715	1658815444769	OK	 
USER	notification-pf-perfornance-test-with-user	END	1658815444769
USER	notification-pf-perfornance-test-with-user	START	1658815444776
USER	notification-pf-perfornance-test-with-user	START	1658815444786
REQUEST		notification-pf-register	1658815444726	1658815444794	OK	 
USER	notification-pf-perfornance-test-with-user	END	1658815444795
USER	notification-pf-perfornance-test-with-user	START	1658815444796
REQUEST		notification-pf-register	1658815444736	1658815444799	OK	 
USER	notification-pf-perfornance-test-with-user	END	1658815444800
USER	notification-pf-perfornance-test-with-user	START	1658815444806
REQUEST		notification-pf-register	1658815444756	1658815444814	OK	 
USER	notification-pf-perfornance-test-with-user	END	1658815444815
USER	notification-pf-perfornance-test-with-user	START	1658815444816
REQUEST		notification-pf-register	1658815444746	1658815444818	OK	 
USER	notification-pf-perfornance-test-with-user	END	1658815444818
REQUEST		notification-pf-register	1658815444766	1658815444820	OK	 
USER	notification-pf-perfornance-test-with-user	END	1658815444821
USER	notification-pf-perfornance-test-with-user	START	1658815444826
REQUEST		notification-pf-register	1658815444776	1658815444833	OK	 
USER	notification-pf-perfornance-test-with-user	END	1658815444834
USER	notification-pf-perfornance-test-with-user	START	1658815444838
REQUEST		notification-pf-register	1658815444786	1658815444843	OK	 
USER	notification-pf-perfornance-test-with-user	END	1658815444843
USER	notification-pf-perfornance-test-with-user	START	1658815444848
REQUEST		notification-pf-register	1658815444796	1658815444858	OK	 
USER	notification-pf-perfornance-test-with-user	START	1658815444858
USER	notification-pf-perfornance-test-with-user	END	1658815444859
REQUEST		notification-pf-register	1658815444806	1658815444867	OK	 
USER	notification-pf-perfornance-test-with-user	END	1658815444868
USER	notification-pf-perfornance-test-with-user	START	1658815444869
REQUEST		notification-pf-register	1658815444816	1658815444874	OK	 
USER	notification-pf-perfornance-test-with-user	END	1658815444875
USER	notification-pf-perfornance-test-with-user	START	1658815444879
USER	notification-pf-perfornance-test-with-user	START	1658815444889
REQUEST		notification-pf-register	1658815444826	1658815444889	OK	 
USER	notification-pf-perfornance-test-with-user	END	1658815444890
USER	notification-pf-perfornance-test-with-user	START	1658815444899
REQUEST		notification-pf-register	1658815444838	1658815444904	OK	 
USER	notification-pf-perfornance-test-with-user	END	1658815444905
REQUEST		notification-pf-register	1658815444849	1658815444906	OK	 
USER	notification-pf-perfornance-test-with-user	END	1658815444906
USER	notification-pf-perfornance-test-with-user	START	1658815444909
USER	notification-pf-perfornance-test-with-user	START	1658815444919
REQUEST		notification-pf-register	1658815444859	1658815444920	OK	 
USER	notification-pf-perfornance-test-with-user	END	1658815444921
USER	notification-pf-perfornance-test-with-user	START	1658815444929
REQUEST		notification-pf-register	1658815444879	1658815444935	OK	 
USER	notification-pf-perfornance-test-with-user	END	1658815444936
REQUEST		notification-pf-register	1658815444869	1658815444938	OK	 
USER	notification-pf-perfornance-test-with-user	END	1658815444939
USER	notification-pf-perfornance-test-with-user	START	1658815444939
USER	notification-pf-perfornance-test-with-user	START	1658815444949
REQUEST		notification-pf-register	1658815444889	1658815444951	OK	 
USER	notification-pf-perfornance-test-with-user	END	1658815444951
REQUEST		notification-pf-register	1658815444899	1658815444952	OK	 
USER	notification-pf-perfornance-test-with-user	END	1658815444953
USER	notification-pf-perfornance-test-with-user	START	1658815444959
USER	notification-pf-perfornance-test-with-user	START	1658815444969
REQUEST		notification-pf-register	1658815444909	1658815444972	OK	 
USER	notification-pf-perfornance-test-with-user	END	1658815444973
USER	notification-pf-perfornance-test-with-user	START	1658815444979
REQUEST		notification-pf-register	1658815444919	1658815444986	OK	 
USER	notification-pf-perfornance-test-with-user	END	1658815444987
USER	notification-pf-perfornance-test-with-user	START	1658815444989
REQUEST		notification-pf-register	1658815444929	1658815444990	OK	 
USER	notification-pf-perfornance-test-with-user	END	1658815444991
REQUEST		notification-pf-register	1658815444940	1658815444997	OK	 
USER	notification-pf-perfornance-test-with-user	END	1658815444997
USER	notification-pf-perfornance-test-with-user	START	1658815444999
REQUEST		notification-pf-register	1658815444950	1658815445001	OK	 
USER	notification-pf-perfornance-test-with-user	END	1658815445002
USER	notification-pf-perfornance-test-with-user	START	1658815445009
REQUEST		notification-pf-register	1658815444960	1658815445013	OK	 
USER	notification-pf-perfornance-test-with-user	END	1658815445014
USER	notification-pf-perfornance-test-with-user	START	1658815445019
USER	notification-pf-perfornance-test-with-user	START	1658815445030
REQUEST		notification-pf-register	1658815444970	1658815445030	OK	 
USER	notification-pf-perfornance-test-with-user	END	1658815445031
USER	notification-pf-perfornance-test-with-user	START	1658815445040
REQUEST		notification-pf-register	1658815444990	1658815445043	OK	 
USER	notification-pf-perfornance-test-with-user	END	1658815445044
REQUEST		notification-pf-register	1658815444980	1658815445045	OK	 
USER	notification-pf-perfornance-test-with-user	END	1658815445046
USER	notification-pf-perfornance-test-with-user	START	1658815445050
USER	notification-pf-perfornance-test-with-user	START	1658815445060
REQUEST		notification-pf-register	1658815445000	1658815445060	OK	 
USER	notification-pf-perfornance-test-with-user	END	1658815445061
REQUEST		notification-pf-register	1658815445010	1658815445063	OK	 
USER	notification-pf-perfornance-test-with-user	END	1658815445064
USER	notification-pf-perfornance-test-with-user	START	1658815445070
REQUEST		notification-pf-register	1658815445020	1658815445073	OK	 
USER	notification-pf-perfornance-test-with-user	END	1658815445073
USER	notification-pf-perfornance-test-with-user	START	1658815445080
USER	notification-pf-perfornance-test-with-user	START	1658815445090
REQUEST		notification-pf-register	1658815445030	1658815445093	OK	 
USER	notification-pf-perfornance-test-with-user	END	1658815445094
USER	notification-pf-perfornance-test-with-user	START	1658815445100
REQUEST		notification-pf-register	1658815445040	1658815445101	OK	 
USER	notification-pf-perfornance-test-with-user	END	1658815445102
USER	notification-pf-perfornance-test-with-user	START	1658815445110
REQUEST		notification-pf-register	1658815445060	1658815445112	OK	 
USER	notification-pf-perfornance-test-with-user	END	1658815445113
REQUEST		notification-pf-register	1658815445070	1658815445113	OK	 
USER	notification-pf-perfornance-test-with-user	END	1658815445113
REQUEST		notification-pf-register	1658815445050	1658815445113	OK	 
USER	notification-pf-perfornance-test-with-user	END	1658815445114
USER	notification-pf-perfornance-test-with-user	START	1658815445120
USER	notification-pf-perfornance-test-with-user	START	1658815445130
REQUEST		notification-pf-register	1658815445080	1658815445133	OK	 
USER	notification-pf-perfornance-test-with-user	END	1658815445134
USER	notification-pf-perfornance-test-with-user	START	1658815445140
REQUEST		notification-pf-register	1658815445090	1658815445145	OK	 
USER	notification-pf-perfornance-test-with-user	END	1658815445146
USER	notification-pf-perfornance-test-with-user	START	1658815445150
REQUEST		notification-pf-register	1658815445101	1658815445151	OK	 
USER	notification-pf-perfornance-test-with-user	END	1658815445152
USER	notification-pf-perfornance-test-with-user	START	1658815445161
REQUEST		notification-pf-register	1658815445111	1658815445162	OK	 
USER	notification-pf-perfornance-test-with-user	END	1658815445162
USER	notification-pf-perfornance-test-with-user	START	1658815445171
REQUEST		notification-pf-register	1658815445121	1658815445175	OK	 
USER	notification-pf-perfornance-test-with-user	END	1658815445175
USER	notification-pf-perfornance-test-with-user	START	1658815445181
REQUEST		notification-pf-register	1658815445131	1658815445181	OK	 
USER	notification-pf-perfornance-test-with-user	END	1658815445182
REQUEST		notification-pf-register	1658815445141	1658815445186	OK	 
USER	notification-pf-perfornance-test-with-user	END	1658815445187
USER	notification-pf-perfornance-test-with-user	START	1658815445191
USER	notification-pf-perfornance-test-with-user	START	1658815445201
REQUEST		notification-pf-register	1658815445151	1658815445207	OK	 
USER	notification-pf-perfornance-test-with-user	END	1658815445207
USER	notification-pf-perfornance-test-with-user	START	1658815445211
USER	notification-pf-perfornance-test-with-user	START	1658815445221
REQUEST		notification-pf-register	1658815445161	1658815445230	OK	 
REQUEST		notification-pf-register	1658815445171	1658815445230	OK	 
USER	notification-pf-perfornance-test-with-user	END	1658815445231
USER	notification-pf-perfornance-test-with-user	END	1658815445231
USER	notification-pf-perfornance-test-with-user	START	1658815445231
USER	notification-pf-perfornance-test-with-user	START	1658815445241
REQUEST		notification-pf-register	1658815445181	1658815445245	OK	 
USER	notification-pf-perfornance-test-with-user	END	1658815445245
USER	notification-pf-perfornance-test-with-user	START	1658815445251
REQUEST		notification-pf-register	1658815445191	1658815445254	OK	 
REQUEST		notification-pf-register	1658815445201	1658815445254	OK	 
USER	notification-pf-perfornance-test-with-user	END	1658815445254
USER	notification-pf-perfornance-test-with-user	END	1658815445255
USER	notification-pf-perfornance-test-with-user	START	1658815445261
USER	notification-pf-perfornance-test-with-user	START	1658815445271
REQUEST		notification-pf-register	1658815445211	1658815445276	OK	 
USER	notification-pf-perfornance-test-with-user	END	1658815445277
REQUEST		notification-pf-register	1658815445221	1658815445278	OK	 
USER	notification-pf-perfornance-test-with-user	END	1658815445279
USER	notification-pf-perfornance-test-with-user	START	1658815445281
REQUEST		notification-pf-register	1658815445231	1658815445289	OK	 
USER	notification-pf-perfornance-test-with-user	END	1658815445290
USER	notification-pf-perfornance-test-with-user	START	1658815445291
REQUEST		notification-pf-register	1658815445241	1658815445298	OK	 
USER	notification-pf-perfornance-test-with-user	END	1658815445299
USER	notification-pf-perfornance-test-with-user	START	1658815445301
REQUEST		notification-pf-register	1658815445251	1658815445309	OK	 
USER	notification-pf-perfornance-test-with-user	END	1658815445310
REQUEST		notification-pf-register	1658815445262	1658815445310	OK	 
USER	notification-pf-perfornance-test-with-user	START	1658815445311
USER	notification-pf-perfornance-test-with-user	END	1658815445311
USER	notification-pf-perfornance-test-with-user	START	1658815445321
REQUEST		notification-pf-register	1658815445282	1658815445331	OK	 
USER	notification-pf-perfornance-test-with-user	END	1658815445331
USER	notification-pf-perfornance-test-with-user	START	1658815445332
REQUEST		notification-pf-register	1658815445272	1658815445332	OK	 
USER	notification-pf-perfornance-test-with-user	END	1658815445333
USER	notification-pf-perfornance-test-with-user	START	1658815445342
REQUEST		notification-pf-register	1658815445292	1658815445346	OK	 
USER	notification-pf-perfornance-test-with-user	END	1658815445347
USER	notification-pf-perfornance-test-with-user	START	1658815445352
USER	notification-pf-perfornance-test-with-user	START	1658815445362
USER	notification-pf-perfornance-test-with-user	START	1658815445372
REQUEST		notification-pf-register	1658815445312	1658815445381	OK	 
USER	notification-pf-perfornance-test-with-user	END	1658815445381
USER	notification-pf-perfornance-test-with-user	START	1658815445382
REQUEST		notification-pf-register	1658815445322	1658815445387	OK	 
USER	notification-pf-perfornance-test-with-user	END	1658815445387
REQUEST		notification-pf-register	1658815445332	1658815445390	OK	 
USER	notification-pf-perfornance-test-with-user	END	1658815445390
REQUEST		notification-pf-register	1658815445302	1658815445391	OK	 
USER	notification-pf-perfornance-test-with-user	END	1658815445392
USER	notification-pf-perfornance-test-with-user	START	1658815445392
REQUEST		notification-pf-register	1658815445342	1658815445396	OK	 
USER	notification-pf-perfornance-test-with-user	END	1658815445397
USER	notification-pf-perfornance-test-with-user	START	1658815445402
USER	notification-pf-perfornance-test-with-user	START	1658815445412
REQUEST		notification-pf-register	1658815445363	1658815445417	OK	 
REQUEST		notification-pf-register	1658815445352	1658815445417	OK	 
USER	notification-pf-perfornance-test-with-user	END	1658815445418
USER	notification-pf-perfornance-test-with-user	END	1658815445418
USER	notification-pf-perfornance-test-with-user	START	1658815445422
REQUEST		notification-pf-register	1658815445372	1658815445431	OK	 
USER	notification-pf-perfornance-test-with-user	END	1658815445432
USER	notification-pf-perfornance-test-with-user	START	1658815445433
USER	notification-pf-perfornance-test-with-user	START	1658815445442
REQUEST		notification-pf-register	1658815445383	1658815445443	OK	 
USER	notification-pf-perfornance-test-with-user	END	1658815445444
REQUEST		notification-pf-register	1658815445393	1658815445451	OK	 
USER	notification-pf-perfornance-test-with-user	END	1658815445452
USER	notification-pf-perfornance-test-with-user	START	1658815445452
USER	notification-pf-perfornance-test-with-user	START	1658815445462
REQUEST		notification-pf-register	1658815445412	1658815445463	OK	 
USER	notification-pf-perfornance-test-with-user	END	1658815445463
REQUEST		notification-pf-register	1658815445402	1658815445465	OK	 
USER	notification-pf-perfornance-test-with-user	END	1658815445465
USER	notification-pf-perfornance-test-with-user	START	1658815445472
USER	notification-pf-perfornance-test-with-user	START	1658815445482
REQUEST		notification-pf-register	1658815445423	1658815445487	OK	 
USER	notification-pf-perfornance-test-with-user	END	1658815445488
REQUEST		notification-pf-register	1658815445433	1658815445492	OK	 
USER	notification-pf-perfornance-test-with-user	START	1658815445492
USER	notification-pf-perfornance-test-with-user	END	1658815445492
REQUEST		notification-pf-register	1658815445443	1658815445497	OK	 
USER	notification-pf-perfornance-test-with-user	END	1658815445498
USER	notification-pf-perfornance-test-with-user	START	1658815445502
USER	notification-pf-perfornance-test-with-user	START	1658815445512
REQUEST		notification-pf-register	1658815445453	1658815445515	OK	 
USER	notification-pf-perfornance-test-with-user	END	1658815445516
REQUEST		notification-pf-register	1658815445463	1658815445522	OK	 
USER	notification-pf-perfornance-test-with-user	END	1658815445522
USER	notification-pf-perfornance-test-with-user	START	1658815445522
USER	notification-pf-perfornance-test-with-user	START	1658815445533
REQUEST		notification-pf-register	1658815445473	1658815445539	OK	 
USER	notification-pf-perfornance-test-with-user	END	1658815445540
USER	notification-pf-perfornance-test-with-user	START	1658815445543
REQUEST		notification-pf-register	1658815445483	1658815445549	OK	 
REQUEST		notification-pf-register	1658815445493	1658815445549	OK	 
USER	notification-pf-perfornance-test-with-user	END	1658815445550
USER	notification-pf-perfornance-test-with-user	END	1658815445550
REQUEST		notification-pf-register	1658815445503	1658815445552	OK	 
USER	notification-pf-perfornance-test-with-user	END	1658815445552
USER	notification-pf-perfornance-test-with-user	START	1658815445553
USER	notification-pf-perfornance-test-with-user	START	1658815445563
USER	notification-pf-perfornance-test-with-user	START	1658815445573
REQUEST		notification-pf-register	1658815445513	1658815445575	OK	 
USER	notification-pf-perfornance-test-with-user	END	1658815445576
USER	notification-pf-perfornance-test-with-user	START	1658815445583
REQUEST		notification-pf-register	1658815445523	1658815445584	OK	 
USER	notification-pf-perfornance-test-with-user	END	1658815445585
USER	notification-pf-perfornance-test-with-user	START	1658815445593
REQUEST		notification-pf-register	1658815445533	1658815445601	OK	 
REQUEST		notification-pf-register	1658815445543	1658815445601	OK	 
USER	notification-pf-perfornance-test-with-user	END	1658815445601
USER	notification-pf-perfornance-test-with-user	END	1658815445602
USER	notification-pf-perfornance-test-with-user	START	1658815445603
USER	notification-pf-perfornance-test-with-user	START	1658815445613
REQUEST		notification-pf-register	1658815445553	1658815445620	OK	 
USER	notification-pf-perfornance-test-with-user	END	1658815445621
USER	notification-pf-perfornance-test-with-user	START	1658815445623
REQUEST		notification-pf-register	1658815445563	1658815445626	OK	 
USER	notification-pf-perfornance-test-with-user	END	1658815445627
USER	notification-pf-perfornance-test-with-user	START	1658815445633
USER	notification-pf-perfornance-test-with-user	START	1658815445643
REQUEST		notification-pf-register	1658815445583	1658815445647	OK	 
REQUEST		notification-pf-register	1658815445573	1658815445647	OK	 
USER	notification-pf-perfornance-test-with-user	END	1658815445648
USER	notification-pf-perfornance-test-with-user	END	1658815445648
USER	notification-pf-perfornance-test-with-user	START	1658815445653
REQUEST		notification-pf-register	1658815445593	1658815445655	OK	 
USER	notification-pf-perfornance-test-with-user	END	1658815445655
REQUEST		notification-pf-register	1658815445603	1658815445656	OK	 
USER	notification-pf-perfornance-test-with-user	END	1658815445657
USER	notification-pf-perfornance-test-with-user	START	1658815445663
REQUEST		notification-pf-register	1658815445613	1658815445668	OK	 
USER	notification-pf-perfornance-test-with-user	END	1658815445669
USER	notification-pf-perfornance-test-with-user	START	1658815445673
REQUEST		notification-pf-register	1658815445633	1658815445676	OK	 
USER	notification-pf-perfornance-test-with-user	END	1658815445676
REQUEST		notification-pf-register	1658815445623	1658815445682	OK	 
USER	notification-pf-perfornance-test-with-user	END	1658815445683
USER	notification-pf-perfornance-test-with-user	START	1658815445683
REQUEST		notification-pf-register	1658815445643	1658815445686	OK	 
USER	notification-pf-perfornance-test-with-user	END	1658815445687
USER	notification-pf-perfornance-test-with-user	START	1658815445693
USER	notification-pf-perfornance-test-with-user	START	1658815445703
USER	notification-pf-perfornance-test-with-user	START	1658815445713
REQUEST		notification-pf-register	1658815445663	1658815445718	OK	 
USER	notification-pf-perfornance-test-with-user	END	1658815445719
REQUEST		notification-pf-register	1658815445653	1658815445720	OK	 
USER	notification-pf-perfornance-test-with-user	END	1658815445720
USER	notification-pf-perfornance-test-with-user	START	1658815445723
REQUEST		notification-pf-register	1658815445673	1658815445726	OK	 
USER	notification-pf-perfornance-test-with-user	END	1658815445726
USER	notification-pf-perfornance-test-with-user	START	1658815445733
USER	notification-pf-perfornance-test-with-user	START	1658815445743
USER	notification-pf-perfornance-test-with-user	START	1658815445754
REQUEST		notification-pf-register	1658815445694	1658815445756	OK	 
USER	notification-pf-perfornance-test-with-user	END	1658815445757
REQUEST		notification-pf-register	1658815445684	1658815445759	OK	 
USER	notification-pf-perfornance-test-with-user	END	1658815445759
USER	notification-pf-perfornance-test-with-user	START	1658815445763
REQUEST		notification-pf-register	1658815445714	1658815445767	OK	 
USER	notification-pf-perfornance-test-with-user	END	1658815445767
REQUEST		notification-pf-register	1658815445724	1658815445773	OK	 
USER	notification-pf-perfornance-test-with-user	START	1658815445774
USER	notification-pf-perfornance-test-with-user	END	1658815445774
USER	notification-pf-perfornance-test-with-user	START	1658815445784
USER	notification-pf-perfornance-test-with-user	START	1658815445794
REQUEST		notification-pf-register	1658815445734	1658815445795	OK	 
USER	notification-pf-perfornance-test-with-user	END	1658815445796
REQUEST		notification-pf-register	1658815445744	1658815445799	OK	 
USER	notification-pf-perfornance-test-with-user	END	1658815445800
REQUEST		notification-pf-register	1658815445704	1658815445801	OK	 
USER	notification-pf-perfornance-test-with-user	END	1658815445801
USER	notification-pf-perfornance-test-with-user	START	1658815445804
REQUEST		notification-pf-register	1658815445754	1658815445807	OK	 
USER	notification-pf-perfornance-test-with-user	END	1658815445807
USER	notification-pf-perfornance-test-with-user	START	1658815445814
REQUEST		notification-pf-register	1658815445764	1658815445818	OK	 
USER	notification-pf-perfornance-test-with-user	END	1658815445818
USER	notification-pf-perfornance-test-with-user	START	1658815445824
REQUEST		notification-pf-register	1658815445774	1658815445832	OK	 
USER	notification-pf-perfornance-test-with-user	END	1658815445833
USER	notification-pf-perfornance-test-with-user	START	1658815445834
USER	notification-pf-perfornance-test-with-user	START	1658815445844
REQUEST		notification-pf-register	1658815445784	1658815445846	OK	 
USER	notification-pf-perfornance-test-with-user	END	1658815445847
USER	notification-pf-perfornance-test-with-user	START	1658815445855
REQUEST		notification-pf-register	1658815445804	1658815445858	OK	 
REQUEST		notification-pf-register	1658815445794	1658815445858	OK	 
USER	notification-pf-perfornance-test-with-user	END	1658815445859
USER	notification-pf-perfornance-test-with-user	END	1658815445859
REQUEST		notification-pf-register	1658815445814	1658815445863	OK	 
USER	notification-pf-perfornance-test-with-user	END	1658815445863
USER	notification-pf-perfornance-test-with-user	START	1658815445865
USER	notification-pf-perfornance-test-with-user	START	1658815445875
USER	notification-pf-perfornance-test-with-user	START	1658815445885
REQUEST		notification-pf-register	1658815445825	1658815445885	OK	 
USER	notification-pf-perfornance-test-with-user	END	1658815445886
REQUEST		notification-pf-register	1658815445834	1658815445887	OK	 
USER	notification-pf-perfornance-test-with-user	END	1658815445887
REQUEST		notification-pf-register	1658815445845	1658815445888	OK	 
USER	notification-pf-perfornance-test-with-user	END	1658815445888
USER	notification-pf-perfornance-test-with-user	START	1658815445895
USER	notification-pf-perfornance-test-with-user	START	1658815445905
REQUEST		notification-pf-register	1658815445855	1658815445913	OK	 
USER	notification-pf-perfornance-test-with-user	END	1658815445914
USER	notification-pf-perfornance-test-with-user	START	1658815445915
REQUEST		notification-pf-register	1658815445865	1658815445924	OK	 
USER	notification-pf-perfornance-test-with-user	END	1658815445925
USER	notification-pf-perfornance-test-with-user	START	1658815445925
REQUEST		notification-pf-register	1658815445875	1658815445927	OK	 
USER	notification-pf-perfornance-test-with-user	END	1658815445927
USER	notification-pf-perfornance-test-with-user	START	1658815445935
USER	notification-pf-perfornance-test-with-user	START	1658815445945
REQUEST		notification-pf-register	1658815445886	1658815445948	OK	 
USER	notification-pf-perfornance-test-with-user	END	1658815445949
REQUEST		notification-pf-register	1658815445896	1658815445954	OK	 
USER	notification-pf-perfornance-test-with-user	END	1658815445955
USER	notification-pf-perfornance-test-with-user	START	1658815445955
REQUEST		notification-pf-register	1658815445906	1658815445963	OK	 
USER	notification-pf-perfornance-test-with-user	END	1658815445964
USER	notification-pf-perfornance-test-with-user	START	1658815445965
USER	notification-pf-perfornance-test-with-user	START	1658815445975
REQUEST		notification-pf-register	1658815445916	1658815445977	OK	 
USER	notification-pf-perfornance-test-with-user	END	1658815445978
USER	notification-pf-perfornance-test-with-user	START	1658815445985
REQUEST		notification-pf-register	1658815445936	1658815445995	OK	 
USER	notification-pf-perfornance-test-with-user	START	1658815445995
USER	notification-pf-perfornance-test-with-user	END	1658815445995
REQUEST		notification-pf-register	1658815445946	1658815445997	OK	 
USER	notification-pf-perfornance-test-with-user	END	1658815445998
USER	notification-pf-perfornance-test-with-user	START	1658815446005
REQUEST		notification-pf-register	1658815445925	1658815446011	OK	 
USER	notification-pf-perfornance-test-with-user	END	1658815446011
REQUEST		notification-pf-register	1658815445966	1658815446011	OK	 
USER	notification-pf-perfornance-test-with-user	END	1658815446012
USER	notification-pf-perfornance-test-with-user	START	1658815446015
REQUEST		notification-pf-register	1658815445956	1658815446018	OK	 
USER	notification-pf-perfornance-test-with-user	END	1658815446019
USER	notification-pf-perfornance-test-with-user	START	1658815446025
REQUEST		notification-pf-register	1658815445976	1658815446035	OK	 
USER	notification-pf-perfornance-test-with-user	START	1658815446035
USER	notification-pf-perfornance-test-with-user	END	1658815446036
REQUEST		notification-pf-register	1658815445986	1658815446040	OK	 
USER	notification-pf-perfornance-test-with-user	END	1658815446041
USER	notification-pf-perfornance-test-with-user	START	1658815446046
REQUEST		notification-pf-register	1658815445996	1658815446055	OK	 
USER	notification-pf-perfornance-test-with-user	START	1658815446056
USER	notification-pf-perfornance-test-with-user	END	1658815446056
REQUEST		notification-pf-register	1658815446006	1658815446063	OK	 
USER	notification-pf-perfornance-test-with-user	END	1658815446063
USER	notification-pf-perfornance-test-with-user	START	1658815446066
REQUEST		notification-pf-register	1658815446016	1658815446069	OK	 
USER	notification-pf-perfornance-test-with-user	END	1658815446069
USER	notification-pf-perfornance-test-with-user	START	1658815446076
USER	notification-pf-perfornance-test-with-user	START	1658815446086
REQUEST		notification-pf-register	1658815446026	1658815446087	OK	 
REQUEST		notification-pf-register	1658815446046	1658815446087	OK	 
USER	notification-pf-perfornance-test-with-user	END	1658815446088
USER	notification-pf-perfornance-test-with-user	END	1658815446088
REQUEST		notification-pf-register	1658815446036	1658815446090	OK	 
USER	notification-pf-perfornance-test-with-user	END	1658815446091
USER	notification-pf-perfornance-test-with-user	START	1658815446095
USER	notification-pf-perfornance-test-with-user	START	1658815446096
REQUEST		notification-pf-register	1658815446056	1658815446103	OK	 
USER	notification-pf-perfornance-test-with-user	END	1658815446104
USER	notification-pf-perfornance-test-with-user	START	1658815446106
USER	notification-pf-perfornance-test-with-user	START	1658815446106
USER	notification-pf-perfornance-test-with-user	START	1658815446116
USER	notification-pf-perfornance-test-with-user	START	1658815446116
REQUEST		notification-pf-register	1658815446066	1658815446117	OK	 
USER	notification-pf-perfornance-test-with-user	END	1658815446117
USER	notification-pf-perfornance-test-with-user	START	1658815446126
REQUEST		notification-pf-register	1658815446076	1658815446131	OK	 
USER	notification-pf-perfornance-test-with-user	END	1658815446132
USER	notification-pf-perfornance-test-with-user	START	1658815446136
REQUEST		notification-pf-register	1658815446086	1658815446142	OK	 
USER	notification-pf-perfornance-test-with-user	END	1658815446142
USER	notification-pf-perfornance-test-with-user	START	1658815446146
REQUEST		notification-pf-register	1658815446096	1658815446146	OK	 
USER	notification-pf-perfornance-test-with-user	END	1658815446147
USER	notification-pf-perfornance-test-with-user	START	1658815446156
REQUEST		notification-pf-register	1658815446106	1658815446159	OK	 
USER	notification-pf-perfornance-test-with-user	END	1658815446160
REQUEST		notification-pf-register	1658815446106	1658815446160	OK	 
USER	notification-pf-perfornance-test-with-user	END	1658815446161
REQUEST		notification-pf-register	1658815446116	1658815446161	OK	 
USER	notification-pf-perfornance-test-with-user	END	1658815446161
REQUEST		notification-pf-register	1658815446096	1658815446162	OK	 
USER	notification-pf-perfornance-test-with-user	END	1658815446162
USER	notification-pf-perfornance-test-with-user	START	1658815446166
REQUEST		notification-pf-register	1658815446117	1658815446170	OK	 
USER	notification-pf-perfornance-test-with-user	END	1658815446171
REQUEST		notification-pf-register	1658815446126	1658815446175	OK	 
USER	notification-pf-perfornance-test-with-user	END	1658815446175
USER	notification-pf-perfornance-test-with-user	START	1658815446176
USER	notification-pf-perfornance-test-with-user	START	1658815446186
REQUEST		notification-pf-register	1658815446136	1658815446192	OK	 
USER	notification-pf-perfornance-test-with-user	END	1658815446192
REQUEST		notification-pf-register	1658815446147	1658815446193	OK	 
USER	notification-pf-perfornance-test-with-user	END	1658815446194
USER	notification-pf-perfornance-test-with-user	START	1658815446196
USER	notification-pf-perfornance-test-with-user	START	1658815446206
USER	notification-pf-perfornance-test-with-user	START	1658815446216
REQUEST		notification-pf-register	1658815446157	1658815446219	OK	 
USER	notification-pf-perfornance-test-with-user	END	1658815446219
USER	notification-pf-perfornance-test-with-user	START	1658815446226
REQUEST		notification-pf-register	1658815446167	1658815446231	OK	 
USER	notification-pf-perfornance-test-with-user	END	1658815446232
USER	notification-pf-perfornance-test-with-user	START	1658815446236
REQUEST		notification-pf-register	1658815446176	1658815446237	OK	 
USER	notification-pf-perfornance-test-with-user	END	1658815446237
REQUEST		notification-pf-register	1658815446187	1658815446245	OK	 
USER	notification-pf-perfornance-test-with-user	END	1658815446245
USER	notification-pf-perfornance-test-with-user	START	1658815446246
REQUEST		notification-pf-register	1658815446197	1658815446247	OK	 
USER	notification-pf-perfornance-test-with-user	END	1658815446248
USER	notification-pf-perfornance-test-with-user	START	1658815446256
REQUEST		notification-pf-register	1658815446207	1658815446260	OK	 
USER	notification-pf-perfornance-test-with-user	END	1658815446260
USER	notification-pf-perfornance-test-with-user	START	1658815446266
USER	notification-pf-perfornance-test-with-user	START	1658815446276
REQUEST		notification-pf-register	1658815446217	1658815446284	OK	 
USER	notification-pf-perfornance-test-with-user	END	1658815446285
USER	notification-pf-perfornance-test-with-user	START	1658815446286
REQUEST		notification-pf-register	1658815446227	1658815446287	OK	 
USER	notification-pf-perfornance-test-with-user	END	1658815446288
USER	notification-pf-perfornance-test-with-user	START	1658815446296
REQUEST		notification-pf-register	1658815446237	1658815446296	OK	 
USER	notification-pf-perfornance-test-with-user	END	1658815446297
USER	notification-pf-perfornance-test-with-user	START	1658815446306
REQUEST		notification-pf-register	1658815446257	1658815446308	OK	 
USER	notification-pf-perfornance-test-with-user	END	1658815446309
REQUEST		notification-pf-register	1658815446247	1658815446309	OK	 
USER	notification-pf-perfornance-test-with-user	END	1658815446310
USER	notification-pf-perfornance-test-with-user	START	1658815446316
REQUEST		notification-pf-register	1658815446267	1658815446325	OK	 
USER	notification-pf-perfornance-test-with-user	END	1658815446326
USER	notification-pf-perfornance-test-with-user	START	1658815446326
USER	notification-pf-perfornance-test-with-user	START	1658815446336
REQUEST		notification-pf-register	1658815446277	1658815446337	OK	 
USER	notification-pf-perfornance-test-with-user	END	1658815446338
REQUEST		notification-pf-register	1658815446287	1658815446339	OK	 
USER	notification-pf-perfornance-test-with-user	END	1658815446340
USER	notification-pf-perfornance-test-with-user	START	1658815446346
USER	notification-pf-perfornance-test-with-user	START	1658815446356
REQUEST		notification-pf-register	1658815446297	1658815446360	OK	 
USER	notification-pf-perfornance-test-with-user	END	1658815446361
REQUEST		notification-pf-register	1658815446307	1658815446365	OK	 
USER	notification-pf-perfornance-test-with-user	END	1658815446365
USER	notification-pf-perfornance-test-with-user	START	1658815446366
USER	notification-pf-perfornance-test-with-user	START	1658815446376
REQUEST		notification-pf-register	1658815446317	1658815446379	OK	 
USER	notification-pf-perfornance-test-with-user	END	1658815446379
REQUEST		notification-pf-register	1658815446327	1658815446386	OK	 
USER	notification-pf-perfornance-test-with-user	START	1658815446386
USER	notification-pf-perfornance-test-with-user	END	1658815446387
USER	notification-pf-perfornance-test-with-user	START	1658815446396
REQUEST		notification-pf-register	1658815446347	1658815446401	OK	 
REQUEST		notification-pf-register	1658815446357	1658815446401	OK	 
USER	notification-pf-perfornance-test-with-user	END	1658815446401
USER	notification-pf-perfornance-test-with-user	END	1658815446401
REQUEST		notification-pf-register	1658815446337	1658815446403	OK	 
USER	notification-pf-perfornance-test-with-user	END	1658815446404
USER	notification-pf-perfornance-test-with-user	START	1658815446407
USER	notification-pf-perfornance-test-with-user	START	1658815446417
USER	notification-pf-perfornance-test-with-user	START	1658815446427
REQUEST		notification-pf-register	1658815446367	1658815446431	OK	 
USER	notification-pf-perfornance-test-with-user	END	1658815446431
USER	notification-pf-perfornance-test-with-user	START	1658815446437
REQUEST		notification-pf-register	1658815446377	1658815446437	OK	 
USER	notification-pf-perfornance-test-with-user	END	1658815446437
USER	notification-pf-perfornance-test-with-user	START	1658815446447
REQUEST		notification-pf-register	1658815446387	1658815446447	OK	 
USER	notification-pf-perfornance-test-with-user	END	1658815446447
USER	notification-pf-perfornance-test-with-user	START	1658815446457
REQUEST		notification-pf-register	1658815446397	1658815446459	OK	 
USER	notification-pf-perfornance-test-with-user	END	1658815446459
REQUEST		notification-pf-register	1658815446407	1658815446461	OK	 
USER	notification-pf-perfornance-test-with-user	END	1658815446462
USER	notification-pf-perfornance-test-with-user	START	1658815446467
REQUEST		notification-pf-register	1658815446417	1658815446468	OK	 
USER	notification-pf-perfornance-test-with-user	END	1658815446468
USER	notification-pf-perfornance-test-with-user	START	1658815446477
REQUEST		notification-pf-register	1658815446427	1658815446486	OK	 
USER	notification-pf-perfornance-test-with-user	START	1658815446487
USER	notification-pf-perfornance-test-with-user	END	1658815446487
REQUEST		notification-pf-register	1658815446437	1658815446495	OK	 
USER	notification-pf-perfornance-test-with-user	END	1658815446496
REQUEST		notification-pf-register	1658815446447	1658815446496	OK	 
USER	notification-pf-perfornance-test-with-user	END	1658815446497
USER	notification-pf-perfornance-test-with-user	START	1658815446497
REQUEST		notification-pf-register	1658815446457	1658815446503	OK	 
USER	notification-pf-perfornance-test-with-user	END	1658815446504
USER	notification-pf-perfornance-test-with-user	START	1658815446507
REQUEST		notification-pf-register	1658815446467	1658815446514	OK	 
USER	notification-pf-perfornance-test-with-user	END	1658815446514
USER	notification-pf-perfornance-test-with-user	START	1658815446517
USER	notification-pf-perfornance-test-with-user	START	1658815446527
REQUEST		notification-pf-register	1658815446477	1658815446535	OK	 
USER	notification-pf-perfornance-test-with-user	END	1658815446535
USER	notification-pf-perfornance-test-with-user	START	1658815446537
REQUEST		notification-pf-register	1658815446487	1658815446545	OK	 
USER	notification-pf-perfornance-test-with-user	END	1658815446546
USER	notification-pf-perfornance-test-with-user	START	1658815446547
USER	notification-pf-perfornance-test-with-user	START	1658815446557
REQUEST		notification-pf-register	1658815446497	1658815446558	OK	 
USER	notification-pf-perfornance-test-with-user	END	1658815446558
USER	notification-pf-perfornance-test-with-user	START	1658815446567
REQUEST		notification-pf-register	1658815446517	1658815446571	OK	 
USER	notification-pf-perfornance-test-with-user	END	1658815446572
REQUEST		notification-pf-register	1658815446507	1658815446573	OK	 
USER	notification-pf-perfornance-test-with-user	END	1658815446574
USER	notification-pf-perfornance-test-with-user	START	1658815446577
USER	notification-pf-perfornance-test-with-user	START	1658815446587
REQUEST		notification-pf-register	1658815446527	1658815446589	OK	 
USER	notification-pf-perfornance-test-with-user	END	1658815446589
USER	notification-pf-perfornance-test-with-user	START	1658815446597
REQUEST		notification-pf-register	1658815446537	1658815446599	OK	 
USER	notification-pf-perfornance-test-with-user	END	1658815446599
REQUEST		notification-pf-register	1658815446547	1658815446601	OK	 
USER	notification-pf-perfornance-test-with-user	END	1658815446601
USER	notification-pf-perfornance-test-with-user	START	1658815446607
REQUEST		notification-pf-register	1658815446557	1658815446616	OK	 
USER	notification-pf-perfornance-test-with-user	END	1658815446617
USER	notification-pf-perfornance-test-with-user	START	1658815446617
REQUEST		notification-pf-register	1658815446577	1658815446618	OK	 
USER	notification-pf-perfornance-test-with-user	END	1658815446619
REQUEST		notification-pf-register	1658815446567	1658815446623	OK	 
USER	notification-pf-perfornance-test-with-user	END	1658815446623
USER	notification-pf-perfornance-test-with-user	START	1658815446627
REQUEST		notification-pf-register	1658815446587	1658815446633	OK	 
USER	notification-pf-perfornance-test-with-user	END	1658815446634
USER	notification-pf-perfornance-test-with-user	START	1658815446637
USER	notification-pf-perfornance-test-with-user	START	1658815446647
USER	notification-pf-perfornance-test-with-user	START	1658815446657
REQUEST		notification-pf-register	1658815446597	1658815446658	OK	 
USER	notification-pf-perfornance-test-with-user	END	1658815446659
USER	notification-pf-perfornance-test-with-user	START	1658815446667
REQUEST		notification-pf-register	1658815446617	1658815446667	OK	 
USER	notification-pf-perfornance-test-with-user	END	1658815446668
REQUEST		notification-pf-register	1658815446607	1658815446668	OK	 
USER	notification-pf-perfornance-test-with-user	END	1658815446668
USER	notification-pf-perfornance-test-with-user	START	1658815446677
REQUEST		notification-pf-register	1658815446627	1658815446677	OK	 
USER	notification-pf-perfornance-test-with-user	END	1658815446678
USER	notification-pf-perfornance-test-with-user	START	1658815446687
USER	notification-pf-perfornance-test-with-user	START	1658815446697
USER	notification-pf-perfornance-test-with-user	START	1658815446707
REQUEST		notification-pf-register	1658815446657	1658815446709	OK	 
USER	notification-pf-perfornance-test-with-user	END	1658815446710
USER	notification-pf-perfornance-test-with-user	START	1658815446717
REQUEST		notification-pf-register	1658815446648	1658815446726	OK	 
REQUEST		notification-pf-register	1658815446638	1658815446727	OK	 
USER	notification-pf-perfornance-test-with-user	END	1658815446727
USER	notification-pf-perfornance-test-with-user	END	1658815446727
USER	notification-pf-perfornance-test-with-user	START	1658815446727
REQUEST		notification-pf-register	1658815446668	1658815446730	OK	 
USER	notification-pf-perfornance-test-with-user	END	1658815446730
USER	notification-pf-perfornance-test-with-user	START	1658815446737
REQUEST		notification-pf-register	1658815446677	1658815446739	OK	 
USER	notification-pf-perfornance-test-with-user	END	1658815446740
REQUEST		notification-pf-register	1658815446687	1658815446746	OK	 
USER	notification-pf-perfornance-test-with-user	END	1658815446746
USER	notification-pf-perfornance-test-with-user	START	1658815446747
USER	notification-pf-perfornance-test-with-user	START	1658815446757
REQUEST		notification-pf-register	1658815446697	1658815446760	OK	 
USER	notification-pf-perfornance-test-with-user	END	1658815446760
USER	notification-pf-perfornance-test-with-user	START	1658815446767
REQUEST		notification-pf-register	1658815446707	1658815446767	OK	 
USER	notification-pf-perfornance-test-with-user	END	1658815446768
USER	notification-pf-perfornance-test-with-user	START	1658815446777
REQUEST		notification-pf-register	1658815446717	1658815446779	OK	 
USER	notification-pf-perfornance-test-with-user	END	1658815446780
REQUEST		notification-pf-register	1658815446728	1658815446781	OK	 
USER	notification-pf-perfornance-test-with-user	END	1658815446782
USER	notification-pf-perfornance-test-with-user	START	1658815446787
USER	notification-pf-perfornance-test-with-user	START	1658815446797
REQUEST		notification-pf-register	1658815446747	1658815446798	OK	 
USER	notification-pf-perfornance-test-with-user	END	1658815446799
REQUEST		notification-pf-register	1658815446737	1658815446800	OK	 
USER	notification-pf-perfornance-test-with-user	END	1658815446800
USER	notification-pf-perfornance-test-with-user	START	1658815446807
REQUEST		notification-pf-register	1658815446757	1658815446811	OK	 
USER	notification-pf-perfornance-test-with-user	END	1658815446811
USER	notification-pf-perfornance-test-with-user	START	1658815446817
REQUEST		notification-pf-register	1658815446767	1658815446821	OK	 
USER	notification-pf-perfornance-test-with-user	END	1658815446822
USER	notification-pf-perfornance-test-with-user	START	1658815446827
REQUEST		notification-pf-register	1658815446788	1658815446830	OK	 
USER	notification-pf-perfornance-test-with-user	END	1658815446831
USER	notification-pf-perfornance-test-with-user	START	1658815446837
REQUEST		notification-pf-register	1658815446798	1658815446838	OK	 
USER	notification-pf-perfornance-test-with-user	END	1658815446838
REQUEST		notification-pf-register	1658815446778	1658815446839	OK	 
USER	notification-pf-perfornance-test-with-user	END	1658815446840
USER	notification-pf-perfornance-test-with-user	START	1658815446847
USER	notification-pf-perfornance-test-with-user	START	1658815446857
USER	notification-pf-perfornance-test-with-user	START	1658815446867
USER	notification-pf-perfornance-test-with-user	START	1658815446877
REQUEST		notification-pf-register	1658815446838	1658815446886	OK	 
USER	notification-pf-perfornance-test-with-user	END	1658815446887
REQUEST		notification-pf-register	1658815446808	1658815446887	OK	 
USER	notification-pf-perfornance-test-with-user	END	1658815446888
USER	notification-pf-perfornance-test-with-user	START	1658815446888
USER	notification-pf-perfornance-test-with-user	START	1658815446897
USER	notification-pf-perfornance-test-with-user	START	1658815446907
REQUEST		notification-pf-register	1658815446818	1658815446908	OK	 
USER	notification-pf-perfornance-test-with-user	END	1658815446909
REQUEST		notification-pf-register	1658815446847	1658815446909	OK	 
USER	notification-pf-perfornance-test-with-user	END	1658815446910
REQUEST		notification-pf-register	1658815446828	1658815446911	OK	 
USER	notification-pf-perfornance-test-with-user	END	1658815446912
REQUEST		notification-pf-register	1658815446868	1658815446913	OK	 
USER	notification-pf-perfornance-test-with-user	END	1658815446914
USER	notification-pf-perfornance-test-with-user	START	1658815446917
USER	notification-pf-perfornance-test-with-user	START	1658815446927
REQUEST		notification-pf-register	1658815446858	1658815446931	OK	 
USER	notification-pf-perfornance-test-with-user	END	1658815446931
REQUEST		notification-pf-register	1658815446888	1658815446937	OK	 
USER	notification-pf-perfornance-test-with-user	END	1658815446937
USER	notification-pf-perfornance-test-with-user	START	1658815446937
REQUEST		notification-pf-register	1658815446878	1658815446940	OK	 
USER	notification-pf-perfornance-test-with-user	END	1658815446940
USER	notification-pf-perfornance-test-with-user	START	1658815446947
REQUEST		notification-pf-register	1658815446898	1658815446955	OK	 
USER	notification-pf-perfornance-test-with-user	END	1658815446956
USER	notification-pf-perfornance-test-with-user	START	1658815446957
USER	notification-pf-perfornance-test-with-user	START	1658815446967
REQUEST		notification-pf-register	1658815446908	1658815446967	OK	 
USER	notification-pf-perfornance-test-with-user	END	1658815446968
USER	notification-pf-perfornance-test-with-user	START	1658815446977
REQUEST		notification-pf-register	1658815446928	1658815446982	OK	 
USER	notification-pf-perfornance-test-with-user	END	1658815446982
REQUEST		notification-pf-register	1658815446918	1658815446984	OK	 
USER	notification-pf-perfornance-test-with-user	END	1658815446985
USER	notification-pf-perfornance-test-with-user	START	1658815446987
REQUEST		notification-pf-register	1658815446938	1658815446987	OK	 
USER	notification-pf-perfornance-test-with-user	END	1658815446988
USER	notification-pf-perfornance-test-with-user	START	1658815446997
USER	notification-pf-perfornance-test-with-user	START	1658815447007
REQUEST		notification-pf-register	1658815446948	1658815447008	OK	 
USER	notification-pf-perfornance-test-with-user	END	1658815447008
REQUEST		notification-pf-register	1658815446958	1658815447012	OK	 
USER	notification-pf-perfornance-test-with-user	END	1658815447013
REQUEST		notification-pf-register	1658815446968	1658815447015	OK	 
USER	notification-pf-perfornance-test-with-user	END	1658815447016
USER	notification-pf-perfornance-test-with-user	START	1658815447017
USER	notification-pf-perfornance-test-with-user	START	1658815447027
REQUEST		notification-pf-register	1658815446978	1658815447036	OK	 
USER	notification-pf-perfornance-test-with-user	END	1658815447036
USER	notification-pf-perfornance-test-with-user	START	1658815447037
REQUEST		notification-pf-register	1658815446988	1658815447042	OK	 
USER	notification-pf-perfornance-test-with-user	END	1658815447043
USER	notification-pf-perfornance-test-with-user	START	1658815447048
REQUEST		notification-pf-register	1658815446998	1658815447048	OK	 
USER	notification-pf-perfornance-test-with-user	END	1658815447049
USER	notification-pf-perfornance-test-with-user	START	1658815447057
REQUEST		notification-pf-register	1658815447008	1658815447063	OK	 
USER	notification-pf-perfornance-test-with-user	END	1658815447063
USER	notification-pf-perfornance-test-with-user	START	1658815447067
REQUEST		notification-pf-register	1658815447018	1658815447069	OK	 
USER	notification-pf-perfornance-test-with-user	END	1658815447069
USER	notification-pf-perfornance-test-with-user	START	1658815447078
REQUEST		notification-pf-register	1658815447028	1658815447084	OK	 
USER	notification-pf-perfornance-test-with-user	END	1658815447085
USER	notification-pf-perfornance-test-with-user	START	1658815447088
REQUEST		notification-pf-register	1658815447038	1658815447095	OK	 
USER	notification-pf-perfornance-test-with-user	END	1658815447096
USER	notification-pf-perfornance-test-with-user	START	1658815447098
REQUEST		notification-pf-register	1658815447048	1658815447101	OK	 
USER	notification-pf-perfornance-test-with-user	END	1658815447102
USER	notification-pf-perfornance-test-with-user	START	1658815447105
USER	notification-pf-perfornance-test-with-user	START	1658815447115
REQUEST		notification-pf-register	1658815447058	1658815447124	OK	 
USER	notification-pf-perfornance-test-with-user	END	1658815447124
USER	notification-pf-perfornance-test-with-user	START	1658815447125
REQUEST		notification-pf-register	1658815447078	1658815447130	OK	 
USER	notification-pf-perfornance-test-with-user	END	1658815447131
USER	notification-pf-perfornance-test-with-user	START	1658815447135
USER	notification-pf-perfornance-test-with-user	START	1658815447146
REQUEST		notification-pf-register	1658815447098	1658815447154	OK	 
USER	notification-pf-perfornance-test-with-user	END	1658815447155
USER	notification-pf-perfornance-test-with-user	START	1658815447156
REQUEST		notification-pf-register	1658815447088	1658815447157	OK	 
REQUEST		notification-pf-register	1658815447068	1658815447158	OK	 
USER	notification-pf-perfornance-test-with-user	END	1658815447158
USER	notification-pf-perfornance-test-with-user	END	1658815447158
REQUEST		notification-pf-register	1658815447106	1658815447164	OK	 
USER	notification-pf-perfornance-test-with-user	END	1658815447165
USER	notification-pf-perfornance-test-with-user	START	1658815447166
REQUEST		notification-pf-register	1658815447116	1658815447168	OK	 
USER	notification-pf-perfornance-test-with-user	END	1658815447168
REQUEST		notification-pf-register	1658815447126	1658815447171	OK	 
USER	notification-pf-perfornance-test-with-user	END	1658815447172
USER	notification-pf-perfornance-test-with-user	START	1658815447176
REQUEST		notification-pf-register	1658815447136	1658815447185	OK	 
USER	notification-pf-perfornance-test-with-user	END	1658815447185
USER	notification-pf-perfornance-test-with-user	START	1658815447186
USER	notification-pf-perfornance-test-with-user	START	1658815447196
USER	notification-pf-perfornance-test-with-user	START	1658815447206
REQUEST		notification-pf-register	1658815447146	1658815447209	OK	 
USER	notification-pf-perfornance-test-with-user	END	1658815447210
USER	notification-pf-perfornance-test-with-user	START	1658815447216
REQUEST		notification-pf-register	1658815447166	1658815447220	OK	 
USER	notification-pf-perfornance-test-with-user	END	1658815447220
REQUEST		notification-pf-register	1658815447156	1658815447222	OK	 
USER	notification-pf-perfornance-test-with-user	END	1658815447222
USER	notification-pf-perfornance-test-with-user	START	1658815447226
REQUEST		notification-pf-register	1658815447176	1658815447231	OK	 
USER	notification-pf-perfornance-test-with-user	END	1658815447232
USER	notification-pf-perfornance-test-with-user	START	1658815447236
REQUEST		notification-pf-register	1658815447186	1658815447245	OK	 
USER	notification-pf-perfornance-test-with-user	END	1658815447245
USER	notification-pf-perfornance-test-with-user	START	1658815447246
USER	notification-pf-perfornance-test-with-user	START	1658815447256
REQUEST		notification-pf-register	1658815447206	1658815447259	OK	 
USER	notification-pf-perfornance-test-with-user	END	1658815447259
REQUEST		notification-pf-register	1658815447196	1658815447264	OK	 
USER	notification-pf-perfornance-test-with-user	END	1658815447264
USER	notification-pf-perfornance-test-with-user	START	1658815447266
REQUEST		notification-pf-register	1658815447236	1658815447274	OK	 
USER	notification-pf-perfornance-test-with-user	END	1658815447275
REQUEST		notification-pf-register	1658815447216	1658815447275	OK	 
USER	notification-pf-perfornance-test-with-user	END	1658815447275
USER	notification-pf-perfornance-test-with-user	START	1658815447276
REQUEST		notification-pf-register	1658815447226	1658815447282	OK	 
USER	notification-pf-perfornance-test-with-user	END	1658815447283
USER	notification-pf-perfornance-test-with-user	START	1658815447286
USER	notification-pf-perfornance-test-with-user	START	1658815447296
USER	notification-pf-perfornance-test-with-user	START	1658815447306
REQUEST		notification-pf-register	1658815447256	1658815447308	OK	 
USER	notification-pf-perfornance-test-with-user	END	1658815447309
REQUEST		notification-pf-register	1658815447246	1658815447312	OK	 
USER	notification-pf-perfornance-test-with-user	END	1658815447312
USER	notification-pf-perfornance-test-with-user	START	1658815447316
USER	notification-pf-perfornance-test-with-user	START	1658815447326
REQUEST		notification-pf-register	1658815447276	1658815447328	OK	 
USER	notification-pf-perfornance-test-with-user	END	1658815447328
REQUEST		notification-pf-register	1658815447266	1658815447335	OK	 
USER	notification-pf-perfornance-test-with-user	END	1658815447335
USER	notification-pf-perfornance-test-with-user	START	1658815447336
REQUEST		notification-pf-register	1658815447286	1658815447337	OK	 
USER	notification-pf-perfornance-test-with-user	END	1658815447337
USER	notification-pf-perfornance-test-with-user	START	1658815447346
REQUEST		notification-pf-register	1658815447296	1658815447348	OK	 
USER	notification-pf-perfornance-test-with-user	END	1658815447349
USER	notification-pf-perfornance-test-with-user	START	1658815447356
REQUEST		notification-pf-register	1658815447306	1658815447362	OK	 
USER	notification-pf-perfornance-test-with-user	END	1658815447363
USER	notification-pf-perfornance-test-with-user	START	1658815447366
USER	notification-pf-perfornance-test-with-user	START	1658815447376
REQUEST		notification-pf-register	1658815447316	1658815447377	OK	 
USER	notification-pf-perfornance-test-with-user	END	1658815447377
REQUEST		notification-pf-register	1658815447336	1658815447378	OK	 
USER	notification-pf-perfornance-test-with-user	END	1658815447379
REQUEST		notification-pf-register	1658815447326	1658815447382	OK	 
USER	notification-pf-perfornance-test-with-user	END	1658815447383
USER	notification-pf-perfornance-test-with-user	START	1658815447386
USER	notification-pf-perfornance-test-with-user	START	1658815447396
USER	notification-pf-perfornance-test-with-user	START	1658815447406
REQUEST		notification-pf-register	1658815447346	1658815447410	OK	 
USER	notification-pf-perfornance-test-with-user	END	1658815447411
USER	notification-pf-perfornance-test-with-user	START	1658815447416
REQUEST		notification-pf-register	1658815447366	1658815447418	OK	 
REQUEST		notification-pf-register	1658815447356	1658815447419	OK	 
USER	notification-pf-perfornance-test-with-user	END	1658815447419
USER	notification-pf-perfornance-test-with-user	END	1658815447419
REQUEST		notification-pf-register	1658815447376	1658815447422	OK	 
USER	notification-pf-perfornance-test-with-user	END	1658815447423
USER	notification-pf-perfornance-test-with-user	START	1658815447426
USER	notification-pf-perfornance-test-with-user	START	1658815447436
REQUEST		notification-pf-register	1658815447386	1658815447445	OK	 
USER	notification-pf-perfornance-test-with-user	END	1658815447445
REQUEST		notification-pf-register	1658815447396	1658815447445	OK	 
USER	notification-pf-perfornance-test-with-user	END	1658815447446
USER	notification-pf-perfornance-test-with-user	START	1658815447446
USER	notification-pf-perfornance-test-with-user	START	1658815447456
REQUEST		notification-pf-register	1658815447406	1658815447461	OK	 
USER	notification-pf-perfornance-test-with-user	END	1658815447461
USER	notification-pf-perfornance-test-with-user	START	1658815447466
REQUEST		notification-pf-register	1658815447416	1658815447469	OK	 
USER	notification-pf-perfornance-test-with-user	END	1658815447469
USER	notification-pf-perfornance-test-with-user	START	1658815447476
REQUEST		notification-pf-register	1658815447426	1658815447484	OK	 
USER	notification-pf-perfornance-test-with-user	END	1658815447484
USER	notification-pf-perfornance-test-with-user	START	1658815447486
REQUEST		notification-pf-register	1658815447436	1658815447495	OK	 
USER	notification-pf-perfornance-test-with-user	END	1658815447496
USER	notification-pf-perfornance-test-with-user	START	1658815447496
REQUEST		notification-pf-register	1658815447446	1658815447505	OK	 
USER	notification-pf-perfornance-test-with-user	END	1658815447506
USER	notification-pf-perfornance-test-with-user	START	1658815447506
REQUEST		notification-pf-register	1658815447456	1658815447513	OK	 
USER	notification-pf-perfornance-test-with-user	END	1658815447513
USER	notification-pf-perfornance-test-with-user	START	1658815447516
USER	notification-pf-perfornance-test-with-user	START	1658815447526
REQUEST		notification-pf-register	1658815447466	1658815447530	OK	 
USER	notification-pf-perfornance-test-with-user	END	1658815447531
REQUEST		notification-pf-register	1658815447486	1658815447533	OK	 
USER	notification-pf-perfornance-test-with-user	END	1658815447534
USER	notification-pf-perfornance-test-with-user	START	1658815447536
REQUEST		notification-pf-register	1658815447476	1658815447540	OK	 
USER	notification-pf-perfornance-test-with-user	END	1658815447540
USER	notification-pf-perfornance-test-with-user	START	1658815447546
USER	notification-pf-perfornance-test-with-user	START	1658815447556
REQUEST		notification-pf-register	1658815447496	1658815447558	OK	 
REQUEST		notification-pf-register	1658815447506	1658815447558	OK	 
USER	notification-pf-perfornance-test-with-user	END	1658815447559
USER	notification-pf-perfornance-test-with-user	END	1658815447559
USER	notification-pf-perfornance-test-with-user	START	1658815447566
REQUEST		notification-pf-register	1658815447527	1658815447575	OK	 
USER	notification-pf-perfornance-test-with-user	END	1658815447576
USER	notification-pf-perfornance-test-with-user	START	1658815447576
REQUEST		notification-pf-register	1658815447517	1658815447579	OK	 
USER	notification-pf-perfornance-test-with-user	END	1658815447580
USER	notification-pf-perfornance-test-with-user	START	1658815447586
REQUEST		notification-pf-register	1658815447536	1658815447592	OK	 
USER	notification-pf-perfornance-test-with-user	END	1658815447592
USER	notification-pf-perfornance-test-with-user	START	1658815447596
USER	notification-pf-perfornance-test-with-user	START	1658815447606
REQUEST		notification-pf-register	1658815447546	1658815447610	OK	 
USER	notification-pf-perfornance-test-with-user	END	1658815447611
REQUEST		notification-pf-register	1658815447556	1658815447611	OK	 
USER	notification-pf-perfornance-test-with-user	END	1658815447612
USER	notification-pf-perfornance-test-with-user	START	1658815447616
REQUEST		notification-pf-register	1658815447566	1658815447621	OK	 
USER	notification-pf-perfornance-test-with-user	END	1658815447621
USER	notification-pf-perfornance-test-with-user	START	1658815447626
REQUEST		notification-pf-register	1658815447576	1658815447632	OK	 
USER	notification-pf-perfornance-test-with-user	END	1658815447632
USER	notification-pf-perfornance-test-with-user	START	1658815447636
REQUEST		notification-pf-register	1658815447586	1658815447637	OK	 
USER	notification-pf-perfornance-test-with-user	END	1658815447637
USER	notification-pf-perfornance-test-with-user	START	1658815447646
USER	notification-pf-perfornance-test-with-user	START	1658815447656
REQUEST		notification-pf-register	1658815447597	1658815447658	OK	 
USER	notification-pf-perfornance-test-with-user	END	1658815447658
USER	notification-pf-perfornance-test-with-user	START	1658815447666
REQUEST		notification-pf-register	1658815447606	1658815447669	OK	 
USER	notification-pf-perfornance-test-with-user	END	1658815447669
REQUEST		notification-pf-register	1658815447617	1658815447671	OK	 
USER	notification-pf-perfornance-test-with-user	END	1658815447672
USER	notification-pf-perfornance-test-with-user	START	1658815447676
REQUEST		notification-pf-register	1658815447626	1658815447677	OK	 
USER	notification-pf-perfornance-test-with-user	END	1658815447677
USER	notification-pf-perfornance-test-with-user	START	1658815447686
USER	notification-pf-perfornance-test-with-user	START	1658815447696
REQUEST		notification-pf-register	1658815447637	1658815447698	OK	 
USER	notification-pf-perfornance-test-with-user	END	1658815447699
REQUEST		notification-pf-register	1658815447657	1658815447701	OK	 
USER	notification-pf-perfornance-test-with-user	END	1658815447702
USER	notification-pf-perfornance-test-with-user	START	1658815447706
REQUEST		notification-pf-register	1658815447647	1658815447707	OK	 
USER	notification-pf-perfornance-test-with-user	END	1658815447708
USER	notification-pf-perfornance-test-with-user	START	1658815447716
REQUEST		notification-pf-register	1658815447666	1658815447724	OK	 
USER	notification-pf-perfornance-test-with-user	END	1658815447724
USER	notification-pf-perfornance-test-with-user	START	1658815447726
REQUEST		notification-pf-register	1658815447677	1658815447735	OK	 
USER	notification-pf-perfornance-test-with-user	END	1658815447736
REQUEST		notification-pf-register	1658815447687	1658815447736	OK	 
USER	notification-pf-perfornance-test-with-user	END	1658815447736
USER	notification-pf-perfornance-test-with-user	START	1658815447736
REQUEST		notification-pf-register	1658815447697	1658815447741	OK	 
USER	notification-pf-perfornance-test-with-user	END	1658815447741
USER	notification-pf-perfornance-test-with-user	START	1658815447746
USER	notification-pf-perfornance-test-with-user	START	1658815447756
REQUEST		notification-pf-register	1658815447707	1658815447761	OK	 
USER	notification-pf-perfornance-test-with-user	END	1658815447761
USER	notification-pf-perfornance-test-with-user	START	1658815447766
REQUEST		notification-pf-register	1658815447717	1658815447769	OK	 
USER	notification-pf-perfornance-test-with-user	END	1658815447769
USER	notification-pf-perfornance-test-with-user	START	1658815447776
USER	notification-pf-perfornance-test-with-user	START	1658815447786
REQUEST		notification-pf-register	1658815447737	1658815447788	OK	 
USER	notification-pf-perfornance-test-with-user	END	1658815447788
REQUEST		notification-pf-register	1658815447727	1658815447789	OK	 
USER	notification-pf-perfornance-test-with-user	END	1658815447790
USER	notification-pf-perfornance-test-with-user	START	1658815447796
USER	notification-pf-perfornance-test-with-user	START	1658815447806
REQUEST		notification-pf-register	1658815447757	1658815447810	OK	 
USER	notification-pf-perfornance-test-with-user	END	1658815447811
USER	notification-pf-perfornance-test-with-user	START	1658815447816
USER	notification-pf-perfornance-test-with-user	START	1658815447826
REQUEST		notification-pf-register	1658815447747	1658815447830	OK	 
USER	notification-pf-perfornance-test-with-user	END	1658815447831
REQUEST		notification-pf-register	1658815447767	1658815447831	OK	 
USER	notification-pf-perfornance-test-with-user	END	1658815447832
USER	notification-pf-perfornance-test-with-user	START	1658815447836
USER	notification-pf-perfornance-test-with-user	START	1658815447846
REQUEST		notification-pf-register	1658815447797	1658815447855	OK	 
USER	notification-pf-perfornance-test-with-user	END	1658815447855
USER	notification-pf-perfornance-test-with-user	START	1658815447856
REQUEST		notification-pf-register	1658815447807	1658815447857	OK	 
USER	notification-pf-perfornance-test-with-user	END	1658815447857
REQUEST		notification-pf-register	1658815447787	1658815447862	OK	 
USER	notification-pf-perfornance-test-with-user	END	1658815447862
USER	notification-pf-perfornance-test-with-user	START	1658815447867
USER	notification-pf-perfornance-test-with-user	START	1658815447877
USER	notification-pf-perfornance-test-with-user	START	1658815447887
REQUEST		notification-pf-register	1658815447817	1658815447892	OK	 
USER	notification-pf-perfornance-test-with-user	END	1658815447892
REQUEST		notification-pf-register	1658815447827	1658815447894	OK	 
USER	notification-pf-perfornance-test-with-user	END	1658815447894
REQUEST		notification-pf-register	1658815447777	1658815447894	OK	 
USER	notification-pf-perfornance-test-with-user	END	1658815447894
USER	notification-pf-perfornance-test-with-user	START	1658815447897
REQUEST		notification-pf-register	1658815447837	1658815447902	OK	 
USER	notification-pf-perfornance-test-with-user	END	1658815447902
USER	notification-pf-perfornance-test-with-user	START	1658815447907
REQUEST		notification-pf-register	1658815447847	1658815447909	OK	 
USER	notification-pf-perfornance-test-with-user	END	1658815447909
REQUEST		notification-pf-register	1658815447857	1658815447911	OK	 
USER	notification-pf-perfornance-test-with-user	END	1658815447911
USER	notification-pf-perfornance-test-with-user	START	1658815447917
USER	notification-pf-perfornance-test-with-user	START	1658815447927
REQUEST		notification-pf-register	1658815447867	1658815447936	OK	 
USER	notification-pf-perfornance-test-with-user	END	1658815447936
USER	notification-pf-perfornance-test-with-user	START	1658815447937
REQUEST		notification-pf-register	1658815447877	1658815447940	OK	 
USER	notification-pf-perfornance-test-with-user	END	1658815447940
REQUEST		notification-pf-register	1658815447887	1658815447943	OK	 
USER	notification-pf-perfornance-test-with-user	END	1658815447944
USER	notification-pf-perfornance-test-with-user	START	1658815447947
REQUEST		notification-pf-register	1658815447897	1658815447953	OK	 
USER	notification-pf-perfornance-test-with-user	END	1658815447955
USER	notification-pf-perfornance-test-with-user	START	1658815447957
USER	notification-pf-perfornance-test-with-user	START	1658815447967
REQUEST		notification-pf-register	1658815447907	1658815447968	OK	 
USER	notification-pf-perfornance-test-with-user	END	1658815447969
USER	notification-pf-perfornance-test-with-user	START	1658815447977
REQUEST		notification-pf-register	1658815447917	1658815447979	OK	 
USER	notification-pf-perfornance-test-with-user	END	1658815447980
REQUEST		notification-pf-register	1658815447927	1658815447985	OK	 
USER	notification-pf-perfornance-test-with-user	END	1658815447986
USER	notification-pf-perfornance-test-with-user	START	1658815447987
USER	notification-pf-perfornance-test-with-user	START	1658815447997
REQUEST		notification-pf-register	1658815447947	1658815448005	OK	 
USER	notification-pf-perfornance-test-with-user	END	1658815448006
USER	notification-pf-perfornance-test-with-user	START	1658815448007
REQUEST		notification-pf-register	1658815447958	1658815448011	OK	 
USER	notification-pf-perfornance-test-with-user	END	1658815448012
REQUEST		notification-pf-register	1658815447937	1658815448013	OK	 
USER	notification-pf-perfornance-test-with-user	END	1658815448013
USER	notification-pf-perfornance-test-with-user	START	1658815448017
REQUEST		notification-pf-register	1658815447967	1658815448024	OK	 
USER	notification-pf-perfornance-test-with-user	END	1658815448024
USER	notification-pf-perfornance-test-with-user	START	1658815448027
REQUEST		notification-pf-register	1658815447977	1658815448028	OK	 
USER	notification-pf-perfornance-test-with-user	END	1658815448028
USER	notification-pf-perfornance-test-with-user	START	1658815448037
REQUEST		notification-pf-register	1658815447987	1658815448045	OK	 
USER	notification-pf-perfornance-test-with-user	END	1658815448045
USER	notification-pf-perfornance-test-with-user	START	1658815448047
REQUEST		notification-pf-register	1658815447997	1658815448050	OK	 
USER	notification-pf-perfornance-test-with-user	END	1658815448050
REQUEST		notification-pf-register	1658815448007	1658815448052	OK	 
USER	notification-pf-perfornance-test-with-user	END	1658815448052
USER	notification-pf-perfornance-test-with-user	START	1658815448057
USER	notification-pf-perfornance-test-with-user	START	1658815448067
REQUEST		notification-pf-register	1658815448017	1658815448070	OK	 
USER	notification-pf-perfornance-test-with-user	END	1658815448071
REQUEST		notification-pf-register	1658815448027	1658815448074	OK	 
USER	notification-pf-perfornance-test-with-user	END	1658815448075
USER	notification-pf-perfornance-test-with-user	START	1658815448077
USER	notification-pf-perfornance-test-with-user	START	1658815448087
REQUEST		notification-pf-register	1658815448047	1658815448096	OK	 
USER	notification-pf-perfornance-test-with-user	END	1658815448097
USER	notification-pf-perfornance-test-with-user	START	1658815448097
USER	notification-pf-perfornance-test-with-user	START	1658815448106
REQUEST		notification-pf-register	1658815448057	1658815448113	OK	 
USER	notification-pf-perfornance-test-with-user	END	1658815448113
USER	notification-pf-perfornance-test-with-user	START	1658815448116
REQUEST		notification-pf-register	1658815448077	1658815448122	OK	 
USER	